Using remote mode. gh version 2.44.1 (2024-02-16)
https://github.com/cli/cli/releases/tag/v2.44.1

Fetching releases...
Fetched releases:
[
  { name: 'engine_components', release: 'v1.4.5' },
  { name: 'engine_fragment', release: 'v1.4.1' }
]
Cloning minified repositories...
Cloned repositories:
[
  {
    directory: '/home/runner/work/engine_docs/engine_docs/temp/engine_components',
    branch: 'v1.4.5'
  },
  {
    directory: '/home/runner/work/engine_docs/engine_docs/temp/engine_fragment',
    branch: 'v1.4.1'
  }
]
Finished copying and setting up repositories!
[94m➤[39m YN0000: · Yarn 4.1.0
[94m➤[39m [90mYN0000[39m: ┌ Resolution step
::group::Resolution step
[94m➤[39m YN0085: │ [38;5;70m+[39m [38;5;166m@popperjs/[39m[38;5;173mcore[39m[38;5;111m@[39m[38;5;111mnpm:2.11.8[39m, [38;5;166m@rollup/[39m[38;5;173mplugin-commonjs[39m[38;5;111m@[39m[38;5;111mnpm:25.0.0[39m, [38;5;166m@rollup/[39m[38;5;173mplugin-node-resolve[39m[38;5;111m@[39m[38;5;111mnpm:15.1.0[39m, [38;5;166m@tailwindcss/[39m[38;5;173mforms[39m[38;5;111m@[39m[38;5;111mnpm:0.5.7[39m, and [38;5;220m530[39m more.
::endgroup::
[94m➤[39m [90mYN0000[39m: └ Completed in 4s 740ms
[94m➤[39m [90mYN0000[39m: ┌ Fetch step
::group::Fetch step
[94m➤[39m YN0013: │ [38;5;220m534[39m packages were added to the project ([38;5;160m+ 281.71 MiB[39m).
::endgroup::
[94m➤[39m [90mYN0000[39m: └ Completed in 5s 186ms
[94m➤[39m [90mYN0000[39m: ┌ Link step
::group::Link step
::endgroup::
[94m➤[39m [90mYN0000[39m: └ Completed in 4s 249ms
[94m➤[39m YN0000: · Done in 14s 312ms
[INFO] [en] Creating an optimized production build...
[96m[info][0m Loaded plugin typedoc-plugin-markdown
[96m[info][0m Converting project at ./temp/engine_components
[96m[info][0m Converting project at ./temp/engine_fragment
[96m[info][0m Merging converted projects
[96m[info][0m Documentation generated at ./docs/api
[info] [webpackbar] Compiling Client
[info] [webpackbar] Compiling Server
[success] [webpackbar] Client: Compiled successfully in 24.23s
[success] [webpackbar] Server: Compiled successfully in 27.96s
[SUCCESS] Generated static files in "build".
[INFO] Use `npm run serve` command to test your build locally.
